Watching for file changes with StatReloader
C:\Users\bilim\Documents\backend\django\pro\devsplug\devsplug\settings.py changed, reloading.
Watching for file changes with StatReloader
Not Found: /
"GET / HTTP/1.1" 404 179
Not Found: /favicon.ico
"GET /favicon.ico HTTP/1.1" 404 179
"GET /admin/ HTTP/1.1" 302 0
"GET /admin/login/?next=/admin/ HTTP/1.1" 200 3195
"POST /admin/login/?next=/admin/ HTTP/1.1" 302 0
"GET /admin/ HTTP/1.1" 200 36205
"GET /static/jazzmin/js/main.6e1d05b7124e.js HTTP/1.1" 200 981
"GET /static/vendor/fontawesome-free/webfonts/fa-regular-400.f0f823011699.woff2 HTTP/1.1" 200 13276
"GET /admin/challenges/problems/ HTTP/1.1" 200 18158
"GET /static/vendor/select2/css/select2.min.e71c39430469.css HTTP/1.1" 200 2141
"GET /static/admin/js/vendor/jquery/jquery.min.2c872dbe60f4.js HTTP/1.1" 200 30336
"GET /static/admin/js/jquery.init.b7781a0897fc.js HTTP/1.1" 200 236
"GET /static/admin/js/core.7e257fdf56dc.js HTTP/1.1" 200 1550
"GET /static/admin/js/admin/RelatedObjectLookups.ef211845e458.js HTTP/1.1" 200 2325
"GET /static/admin/js/actions.867b023a736d.js HTTP/1.1" 200 1937
"GET /static/admin/js/prepopulate.bd2361dfd64d.js HTTP/1.1" 200 536
"GET /static/admin/js/urlify.ae970a820212.js HTTP/1.1" 200 2578
"GET /static/vendor/select2/js/select2.min.3e6e33cd306b.js HTTP/1.1" 200 19966
"GET /static/admin/js/vendor/xregexp/xregexp.min.f1ae4617847c.js HTTP/1.1" 200 46360
"GET /static/jazzmin/js/change_list.2eae2b0ceeb1.js HTTP/1.1" 200 814
"GET /admin/jsi18n/ HTTP/1.1" 200 3342
"GET /admin/challenges/problems/add/ HTTP/1.1" 200 26183
"GET /static/ckeditor/ckeditor.d7fc4a58e43c.css HTTP/1.1" 200 278
"GET /static/ckeditor/ckeditor-init.3be71376e5bf.js HTTP/1.1" 200 662
"GET /static/ckeditor/ckeditor/ckeditor.477202246dad.js HTTP/1.1" 200 224776
"GET /static/admin/js/change_form.9d8ca4f96b75.js HTTP/1.1" 200 322
"GET /static/admin/js/prepopulate_init.6cac7f3105b8.js HTTP/1.1" 200 277
"GET /static/jazzmin/js/change_form.eceb0685ea6b.js HTTP/1.1" 200 1586
"GET /static/admin/img/icon-addlink.d519b3bab011.svg HTTP/1.1" 200 206
"GET /admin/jsi18n/ HTTP/1.1" 200 3342
"GET /static/ckeditor/ckeditor/config.js?t=N5UC HTTP/1.1" 200 258
"GET /static/ckeditor/ckeditor/lang/en.js?t=N5UC HTTP/1.1" 200 6512
"GET /static/ckeditor/ckeditor/skins/moono-lisa/editor.css?t=N5UC HTTP/1.1" 200 6109
"GET /static/ckeditor/ckeditor/styles.js?t=N5UC HTTP/1.1" 200 1771
"GET /static/ckeditor/ckeditor/plugins/codesnippet/plugin.js?t=N5UC HTTP/1.1" 200 1783
"GET /static/ckeditor/ckeditor/plugins/image2/plugin.js?t=N5UC HTTP/1.1" 200 5019
"GET /static/ckeditor/ckeditor/plugins/mathjax/plugin.js?t=N5UC HTTP/1.1" 200 2446
"GET /static/ckeditor/ckeditor/plugins/scayt/skins/moono-lisa/scayt.css?t=N5UC HTTP/1.1" 200 227
"GET /static/ckeditor/ckeditor/plugins/scayt/dialogs/dialog.css?t=N5UC HTTP/1.1" 200 246
"GET /static/ckeditor/ckeditor/plugins/codesnippet/lang/en.js?t=N5UC HTTP/1.1" 200 282
"GET /static/ckeditor/ckeditor/plugins/tableselection/styles/tableselection.css?t=N5UC HTTP/1.1" 200 472
"GET /static/ckeditor/ckeditor/plugins/image2/lang/en.js?t=N5UC HTTP/1.1" 200 276
"GET /static/ckeditor/ckeditor/plugins/mathjax/lang/en.js?t=N5UC HTTP/1.1" 200 208
"GET /static/ckeditor/ckeditor/plugins/copyformatting/styles/copyformatting.css?t=N5UC HTTP/1.1" 200 673
"GET /static/ckeditor/ckeditor/plugins/dialog/styles/dialog.css?t=N5UC HTTP/1.1" 200 161
"GET /static/ckeditor/ckeditor/plugins/codesnippet/icons/codesnippet.png?t=N5UC HTTP/1.1" 200 597
"GET /static/ckeditor/ckeditor/skins/moono-lisa/icons.png?t=4a1fb11f44 HTTP/1.1" 200 12237
"GET /static/ckeditor/ckeditor/contents.css?t=N5UC HTTP/1.1" 200 1240
"GET /static/ckeditor/ckeditor/plugins/codesnippet/lib/highlight/styles/monokai_sublime.css?t=N5UC HTTP/1.1" 200 877
"GET /static/ckeditor/ckeditor/plugins/mathjax/icons/mathjax.png?t=N5UC HTTP/1.1" 200 703
"GET /static/ckeditor/ckeditor/plugins/codesnippet/lib/highlight/highlight.pack.js HTTP/1.1" 200 12280
"GET /static/ckeditor/ckeditor/plugins/copyformatting/styles/copyformatting.css?t=N5UC HTTP/1.1" 304 0
"GET /static/ckeditor/ckeditor/contents.css?t=N5UC HTTP/1.1" 304 0
"GET /static/ckeditor/ckeditor/plugins/codesnippet/lib/highlight/styles/monokai_sublime.css?t=N5UC HTTP/1.1" 304 0
"GET /static/ckeditor/ckeditor/plugins/tableselection/styles/tableselection.css?t=N5UC HTTP/1.1" 304 0
Internal Server Error: /admin/challenges/problems/add/
Traceback (most recent call last):
  File "C:\Users\bilim\Documents\backend\django\pro\devsplug\env\Lib\site-packages\django\db\backends\utils.py", line 105, in _execute
    return self.cursor.execute(sql, params)
           ^^^^^^^^^^^^^^^^^^^^^^^^^^^^^^^^
  File "C:\Users\bilim\Documents\backend\django\pro\devsplug\env\Lib\site-packages\psycopg\cursor.py", line 732, in execute
    raise ex.with_traceback(None)
psycopg.errors.StringDataRightTruncation: value too long for type character varying(50)

The above exception was the direct cause of the following exception:

Traceback (most recent call last):
  File "C:\Users\bilim\Documents\backend\django\pro\devsplug\env\Lib\site-packages\django\core\handlers\exception.py", line 55, in inner
    response = get_response(request)
               ^^^^^^^^^^^^^^^^^^^^^
  File "C:\Users\bilim\Documents\backend\django\pro\devsplug\env\Lib\site-packages\django\core\handlers\base.py", line 197, in _get_response
    response = wrapped_callback(request, *callback_args, **callback_kwargs)
               ^^^^^^^^^^^^^^^^^^^^^^^^^^^^^^^^^^^^^^^^^^^^^^^^^^^^^^^^^^^^
  File "C:\Users\bilim\Documents\backend\django\pro\devsplug\env\Lib\site-packages\django\contrib\admin\options.py", line 716, in wrapper
    return self.admin_site.admin_view(view)(*args, **kwargs)
           ^^^^^^^^^^^^^^^^^^^^^^^^^^^^^^^^^^^^^^^^^^^^^^^^^
  File "C:\Users\bilim\Documents\backend\django\pro\devsplug\env\Lib\site-packages\django\utils\decorators.py", line 188, in _view_wrapper
    result = _process_exception(request, e)
             ^^^^^^^^^^^^^^^^^^^^^^^^^^^^^^
  File "C:\Users\bilim\Documents\backend\django\pro\devsplug\env\Lib\site-packages\django\utils\decorators.py", line 186, in _view_wrapper
    response = view_func(request, *args, **kwargs)
               ^^^^^^^^^^^^^^^^^^^^^^^^^^^^^^^^^^^
  File "C:\Users\bilim\Documents\backend\django\pro\devsplug\env\Lib\site-packages\django\views\decorators\cache.py", line 80, in _view_wrapper
    response = view_func(request, *args, **kwargs)
               ^^^^^^^^^^^^^^^^^^^^^^^^^^^^^^^^^^^
  File "C:\Users\bilim\Documents\backend\django\pro\devsplug\env\Lib\site-packages\django\contrib\admin\sites.py", line 240, in inner
    return view(request, *args, **kwargs)
           ^^^^^^^^^^^^^^^^^^^^^^^^^^^^^^
  File "C:\Users\bilim\Documents\backend\django\pro\devsplug\env\Lib\site-packages\django\contrib\admin\options.py", line 1945, in add_view
    return self.changeform_view(request, None, form_url, extra_context)
           ^^^^^^^^^^^^^^^^^^^^^^^^^^^^^^^^^^^^^^^^^^^^^^^^^^^^^^^^^^^^
  File "C:\Users\bilim\Documents\backend\django\pro\devsplug\env\Lib\site-packages\django\utils\decorators.py", line 48, in _wrapper
    return bound_method(*args, **kwargs)
           ^^^^^^^^^^^^^^^^^^^^^^^^^^^^^
  File "C:\Users\bilim\Documents\backend\django\pro\devsplug\env\Lib\site-packages\django\utils\decorators.py", line 188, in _view_wrapper
    result = _process_exception(request, e)
             ^^^^^^^^^^^^^^^^^^^^^^^^^^^^^^
  File "C:\Users\bilim\Documents\backend\django\pro\devsplug\env\Lib\site-packages\django\utils\decorators.py", line 186, in _view_wrapper
    response = view_func(request, *args, **kwargs)
               ^^^^^^^^^^^^^^^^^^^^^^^^^^^^^^^^^^^
  File "C:\Users\bilim\Documents\backend\django\pro\devsplug\env\Lib\site-packages\django\contrib\admin\options.py", line 1804, in changeform_view
    return self._changeform_view(request, object_id, form_url, extra_context)
           ^^^^^^^^^^^^^^^^^^^^^^^^^^^^^^^^^^^^^^^^^^^^^^^^^^^^^^^^^^^^^^^^^^
  File "C:\Users\bilim\Documents\backend\django\pro\devsplug\env\Lib\site-packages\django\contrib\admin\options.py", line 1855, in _changeform_view
    self.save_model(request, new_object, form, not add)
  File "C:\Users\bilim\Documents\backend\django\pro\devsplug\env\Lib\site-packages\django\contrib\admin\options.py", line 1259, in save_model
    obj.save()
  File "C:\Users\bilim\Documents\backend\django\pro\devsplug\challenges\models.py", line 102, in save
    super().save(*args, **kwargs)
  File "C:\Users\bilim\Documents\backend\django\pro\devsplug\env\Lib\site-packages\django\db\models\base.py", line 822, in save
    self.save_base(
  File "C:\Users\bilim\Documents\backend\django\pro\devsplug\env\Lib\site-packages\django\db\models\base.py", line 909, in save_base
    updated = self._save_table(
              ^^^^^^^^^^^^^^^^^
  File "C:\Users\bilim\Documents\backend\django\pro\devsplug\env\Lib\site-packages\django\db\models\base.py", line 1067, in _save_table
    results = self._do_insert(
              ^^^^^^^^^^^^^^^^
  File "C:\Users\bilim\Documents\backend\django\pro\devsplug\env\Lib\site-packages\django\db\models\base.py", line 1108, in _do_insert
    return manager._insert(
           ^^^^^^^^^^^^^^^^
  File "C:\Users\bilim\Documents\backend\django\pro\devsplug\env\Lib\site-packages\django\db\models\manager.py", line 87, in manager_method
    return getattr(self.get_queryset(), name)(*args, **kwargs)
           ^^^^^^^^^^^^^^^^^^^^^^^^^^^^^^^^^^^^^^^^^^^^^^^^^^^
  File "C:\Users\bilim\Documents\backend\django\pro\devsplug\env\Lib\site-packages\django\db\models\query.py", line 1847, in _insert
    return query.get_compiler(using=using).execute_sql(returning_fields)
           ^^^^^^^^^^^^^^^^^^^^^^^^^^^^^^^^^^^^^^^^^^^^^^^^^^^^^^^^^^^^^
  File "C:\Users\bilim\Documents\backend\django\pro\devsplug\env\Lib\site-packages\django\db\models\sql\compiler.py", line 1823, in execute_sql
    cursor.execute(sql, params)
  File "C:\Users\bilim\Documents\backend\django\pro\devsplug\env\Lib\site-packages\django\db\backends\utils.py", line 79, in execute
    return self._execute_with_wrappers(
           ^^^^^^^^^^^^^^^^^^^^^^^^^^^^
  File "C:\Users\bilim\Documents\backend\django\pro\devsplug\env\Lib\site-packages\django\db\backends\utils.py", line 92, in _execute_with_wrappers
    return executor(sql, params, many, context)
           ^^^^^^^^^^^^^^^^^^^^^^^^^^^^^^^^^^^^
  File "C:\Users\bilim\Documents\backend\django\pro\devsplug\env\Lib\site-packages\django\db\backends\utils.py", line 100, in _execute
    with self.db.wrap_database_errors:
  File "C:\Users\bilim\Documents\backend\django\pro\devsplug\env\Lib\site-packages\django\db\utils.py", line 91, in __exit__
    raise dj_exc_value.with_traceback(traceback) from exc_value
  File "C:\Users\bilim\Documents\backend\django\pro\devsplug\env\Lib\site-packages\django\db\backends\utils.py", line 105, in _execute
    return self.cursor.execute(sql, params)
           ^^^^^^^^^^^^^^^^^^^^^^^^^^^^^^^^
  File "C:\Users\bilim\Documents\backend\django\pro\devsplug\env\Lib\site-packages\psycopg\cursor.py", line 732, in execute
    raise ex.with_traceback(None)
django.db.utils.DataError: value too long for type character varying(50)
"POST /admin/challenges/problems/add/ HTTP/1.1" 500 145
Internal Server Error: /admin/challenges/problems/add/
Traceback (most recent call last):
  File "C:\Users\bilim\Documents\backend\django\pro\devsplug\env\Lib\site-packages\django\db\backends\utils.py", line 105, in _execute
    return self.cursor.execute(sql, params)
           ^^^^^^^^^^^^^^^^^^^^^^^^^^^^^^^^
  File "C:\Users\bilim\Documents\backend\django\pro\devsplug\env\Lib\site-packages\psycopg\cursor.py", line 732, in execute
    raise ex.with_traceback(None)
psycopg.errors.StringDataRightTruncation: value too long for type character varying(50)

The above exception was the direct cause of the following exception:

Traceback (most recent call last):
  File "C:\Users\bilim\Documents\backend\django\pro\devsplug\env\Lib\site-packages\django\core\handlers\exception.py", line 55, in inner
    response = get_response(request)
               ^^^^^^^^^^^^^^^^^^^^^
  File "C:\Users\bilim\Documents\backend\django\pro\devsplug\env\Lib\site-packages\django\core\handlers\base.py", line 197, in _get_response
    response = wrapped_callback(request, *callback_args, **callback_kwargs)
               ^^^^^^^^^^^^^^^^^^^^^^^^^^^^^^^^^^^^^^^^^^^^^^^^^^^^^^^^^^^^
  File "C:\Users\bilim\Documents\backend\django\pro\devsplug\env\Lib\site-packages\django\contrib\admin\options.py", line 716, in wrapper
    return self.admin_site.admin_view(view)(*args, **kwargs)
           ^^^^^^^^^^^^^^^^^^^^^^^^^^^^^^^^^^^^^^^^^^^^^^^^^
  File "C:\Users\bilim\Documents\backend\django\pro\devsplug\env\Lib\site-packages\django\utils\decorators.py", line 188, in _view_wrapper
    result = _process_exception(request, e)
             ^^^^^^^^^^^^^^^^^^^^^^^^^^^^^^
  File "C:\Users\bilim\Documents\backend\django\pro\devsplug\env\Lib\site-packages\django\utils\decorators.py", line 186, in _view_wrapper
    response = view_func(request, *args, **kwargs)
               ^^^^^^^^^^^^^^^^^^^^^^^^^^^^^^^^^^^
  File "C:\Users\bilim\Documents\backend\django\pro\devsplug\env\Lib\site-packages\django\views\decorators\cache.py", line 80, in _view_wrapper
    response = view_func(request, *args, **kwargs)
               ^^^^^^^^^^^^^^^^^^^^^^^^^^^^^^^^^^^
  File "C:\Users\bilim\Documents\backend\django\pro\devsplug\env\Lib\site-packages\django\contrib\admin\sites.py", line 240, in inner
    return view(request, *args, **kwargs)
           ^^^^^^^^^^^^^^^^^^^^^^^^^^^^^^
  File "C:\Users\bilim\Documents\backend\django\pro\devsplug\env\Lib\site-packages\django\contrib\admin\options.py", line 1945, in add_view
    return self.changeform_view(request, None, form_url, extra_context)
           ^^^^^^^^^^^^^^^^^^^^^^^^^^^^^^^^^^^^^^^^^^^^^^^^^^^^^^^^^^^^
  File "C:\Users\bilim\Documents\backend\django\pro\devsplug\env\Lib\site-packages\django\utils\decorators.py", line 48, in _wrapper
    return bound_method(*args, **kwargs)
           ^^^^^^^^^^^^^^^^^^^^^^^^^^^^^
  File "C:\Users\bilim\Documents\backend\django\pro\devsplug\env\Lib\site-packages\django\utils\decorators.py", line 188, in _view_wrapper
    result = _process_exception(request, e)
             ^^^^^^^^^^^^^^^^^^^^^^^^^^^^^^
  File "C:\Users\bilim\Documents\backend\django\pro\devsplug\env\Lib\site-packages\django\utils\decorators.py", line 186, in _view_wrapper
    response = view_func(request, *args, **kwargs)
               ^^^^^^^^^^^^^^^^^^^^^^^^^^^^^^^^^^^
  File "C:\Users\bilim\Documents\backend\django\pro\devsplug\env\Lib\site-packages\django\contrib\admin\options.py", line 1804, in changeform_view
    return self._changeform_view(request, object_id, form_url, extra_context)
           ^^^^^^^^^^^^^^^^^^^^^^^^^^^^^^^^^^^^^^^^^^^^^^^^^^^^^^^^^^^^^^^^^^
  File "C:\Users\bilim\Documents\backend\django\pro\devsplug\env\Lib\site-packages\django\contrib\admin\options.py", line 1855, in _changeform_view
    self.save_model(request, new_object, form, not add)
  File "C:\Users\bilim\Documents\backend\django\pro\devsplug\env\Lib\site-packages\django\contrib\admin\options.py", line 1259, in save_model
    obj.save()
  File "C:\Users\bilim\Documents\backend\django\pro\devsplug\challenges\models.py", line 102, in save
    super().save(*args, **kwargs)
  File "C:\Users\bilim\Documents\backend\django\pro\devsplug\env\Lib\site-packages\django\db\models\base.py", line 822, in save
    self.save_base(
  File "C:\Users\bilim\Documents\backend\django\pro\devsplug\env\Lib\site-packages\django\db\models\base.py", line 909, in save_base
    updated = self._save_table(
              ^^^^^^^^^^^^^^^^^
  File "C:\Users\bilim\Documents\backend\django\pro\devsplug\env\Lib\site-packages\django\db\models\base.py", line 1067, in _save_table
    results = self._do_insert(
              ^^^^^^^^^^^^^^^^
  File "C:\Users\bilim\Documents\backend\django\pro\devsplug\env\Lib\site-packages\django\db\models\base.py", line 1108, in _do_insert
    return manager._insert(
           ^^^^^^^^^^^^^^^^
  File "C:\Users\bilim\Documents\backend\django\pro\devsplug\env\Lib\site-packages\django\db\models\manager.py", line 87, in manager_method
    return getattr(self.get_queryset(), name)(*args, **kwargs)
           ^^^^^^^^^^^^^^^^^^^^^^^^^^^^^^^^^^^^^^^^^^^^^^^^^^^
  File "C:\Users\bilim\Documents\backend\django\pro\devsplug\env\Lib\site-packages\django\db\models\query.py", line 1847, in _insert
    return query.get_compiler(using=using).execute_sql(returning_fields)
           ^^^^^^^^^^^^^^^^^^^^^^^^^^^^^^^^^^^^^^^^^^^^^^^^^^^^^^^^^^^^^
  File "C:\Users\bilim\Documents\backend\django\pro\devsplug\env\Lib\site-packages\django\db\models\sql\compiler.py", line 1823, in execute_sql
    cursor.execute(sql, params)
  File "C:\Users\bilim\Documents\backend\django\pro\devsplug\env\Lib\site-packages\django\db\backends\utils.py", line 79, in execute
    return self._execute_with_wrappers(
           ^^^^^^^^^^^^^^^^^^^^^^^^^^^^
  File "C:\Users\bilim\Documents\backend\django\pro\devsplug\env\Lib\site-packages\django\db\backends\utils.py", line 92, in _execute_with_wrappers
    return executor(sql, params, many, context)
           ^^^^^^^^^^^^^^^^^^^^^^^^^^^^^^^^^^^^
  File "C:\Users\bilim\Documents\backend\django\pro\devsplug\env\Lib\site-packages\django\db\backends\utils.py", line 100, in _execute
    with self.db.wrap_database_errors:
  File "C:\Users\bilim\Documents\backend\django\pro\devsplug\env\Lib\site-packages\django\db\utils.py", line 91, in __exit__
    raise dj_exc_value.with_traceback(traceback) from exc_value
  File "C:\Users\bilim\Documents\backend\django\pro\devsplug\env\Lib\site-packages\django\db\backends\utils.py", line 105, in _execute
    return self.cursor.execute(sql, params)
           ^^^^^^^^^^^^^^^^^^^^^^^^^^^^^^^^
  File "C:\Users\bilim\Documents\backend\django\pro\devsplug\env\Lib\site-packages\psycopg\cursor.py", line 732, in execute
    raise ex.with_traceback(None)
django.db.utils.DataError: value too long for type character varying(50)
"POST /admin/challenges/problems/add/ HTTP/1.1" 500 145
"GET /admin/challenges/problems/add/ HTTP/1.1" 200 26183
"GET /admin/jsi18n/ HTTP/1.1" 200 3342
"GET /static/ckeditor/ckeditor/config.js?t=N5UC HTTP/1.1" 304 0
"GET /static/ckeditor/ckeditor/skins/moono-lisa/editor.css?t=N5UC HTTP/1.1" 304 0
"GET /static/ckeditor/ckeditor/lang/en.js?t=N5UC HTTP/1.1" 304 0
"GET /static/ckeditor/ckeditor/styles.js?t=N5UC HTTP/1.1" 304 0
"GET /static/ckeditor/ckeditor/plugins/codesnippet/plugin.js?t=N5UC HTTP/1.1" 304 0
"GET /static/ckeditor/ckeditor/plugins/mathjax/plugin.js?t=N5UC HTTP/1.1" 304 0
"GET /static/ckeditor/ckeditor/plugins/image2/plugin.js?t=N5UC HTTP/1.1" 304 0
"GET /static/ckeditor/ckeditor/plugins/scayt/skins/moono-lisa/scayt.css?t=N5UC HTTP/1.1" 304 0
"GET /static/ckeditor/ckeditor/plugins/tableselection/styles/tableselection.css?t=N5UC HTTP/1.1" 304 0
"GET /static/ckeditor/ckeditor/plugins/scayt/dialogs/dialog.css?t=N5UC HTTP/1.1" 304 0
"GET /static/ckeditor/ckeditor/plugins/codesnippet/lang/en.js?t=N5UC HTTP/1.1" 304 0
"GET /static/ckeditor/ckeditor/plugins/image2/lang/en.js?t=N5UC HTTP/1.1" 304 0
"GET /static/ckeditor/ckeditor/plugins/mathjax/lang/en.js?t=N5UC HTTP/1.1" 304 0
"GET /static/ckeditor/ckeditor/plugins/copyformatting/styles/copyformatting.css?t=N5UC HTTP/1.1" 304 0
"GET /static/ckeditor/ckeditor/plugins/dialog/styles/dialog.css?t=N5UC HTTP/1.1" 304 0
"GET /static/ckeditor/ckeditor/plugins/codesnippet/lib/highlight/highlight.pack.js HTTP/1.1" 304 0
"GET /static/ckeditor/ckeditor/contents.css?t=N5UC HTTP/1.1" 304 0
"GET /static/ckeditor/ckeditor/skins/moono-lisa/icons.png?t=4a1fb11f44 HTTP/1.1" 304 0
"GET /static/ckeditor/ckeditor/plugins/codesnippet/icons/codesnippet.png?t=N5UC HTTP/1.1" 304 0
"GET /static/ckeditor/ckeditor/plugins/codesnippet/lib/highlight/styles/monokai_sublime.css?t=N5UC HTTP/1.1" 304 0
"GET /static/ckeditor/ckeditor/plugins/mathjax/icons/mathjax.png?t=N5UC HTTP/1.1" 304 0
C:\Users\bilim\Documents\backend\django\pro\devsplug\devsplug\settings.py changed, reloading.
